Error executing job with overrides: []
Traceback (most recent call last):
  File "/home/amthakur/Project/clever-prover/src/clever_prover/main/eval_impl_generation.py", line 75, in main
    _ = impl_generation_task.generate_implementation_correctness_proof(timeout_in_ms=timeout_in_secs * 1000, logger=logger)
        ^^^^^^^^^^^^^^^^^^^^^^^^^^^^^^^^^^^^^^^^^^^^^^^^^^^^^^^^^^^^^^^^^^^^^^^^^^^^^^^^^^^^^^^^^^^^^^^^^^^^^^^^^^^^^^^^^^^
  File "/home/amthakur/Project/clever-prover/src/clever_prover/solver/planning_copra_impl_generator.py", line 156, in generate_implementation_correctness_proof
    proof_result = self._generate_proof(
                   ^^^^^^^^^^^^^^^^^^^^^
  File "/home/amthakur/Project/clever-prover/src/clever_prover/solver/planning_copra_impl_generator.py", line 286, in _generate_proof
    proof_search_result = get_proof_via_copra(
                          ^^^^^^^^^^^^^^^^^^^^
  File "/home/amthakur/Project/clever-prover/src/clever_prover/utils/copra.py", line 105, in get_proof_via_copra
    proof_agent.run_episodes_till_stop(
  File "/home/amthakur/Project/clever-prover/.conda/lib/python3.11/site-packages/copra/agent/simple_proof_agent.py", line 55, in run_episodes_till_stop
    self._run_episode_as_per_policy(env, stop_policy, policy_info_message, render)
  File "/home/amthakur/Project/clever-prover/.conda/lib/python3.11/site-packages/copra/agent/simple_proof_agent.py", line 110, in _run_episode_as_per_policy
    self._policy.add_delayed(new_action)
  File "/home/amthakur/Project/clever-prover/.conda/lib/python3.11/site-packages/copra/agent/gpt_guided_tree_search_policy.py", line 188, in add_delayed
    return self._tree_search_algorithm.add_delayed(action)
           ^^^^^^^^^^^^^^^^^^^^^^^^^^^^^^^^^^^^^^^^^^^^^^^
  File "/home/amthakur/Project/clever-prover/.conda/lib/python3.11/site-packages/copra/agent/dfs_tree_search_with_stack.py", line 108, in add_delayed
    self._action_queue.append(TreeSearchAction(TreeSearchActionType.RUN_ACTION, None, action))
                              ^^^^^^^^^^^^^^^^^^^^^^^^^^^^^^^^^^^^^^^^^^^^^^^^^^^^^^^^^^^^^^^
TypeError: TreeSearchAction.__init__() takes 3 positional arguments but 4 were given

Set the environment variable HYDRA_FULL_ERROR=1 for a complete stack trace.
