Error executing job with overrides: []
Traceback (most recent call last):
  File "/home/amthakur/Project/clever-prover/src/clever_prover/main/eval_impl_generation.py", line 75, in main
    _ = impl_generation_task.generate_implementation_correctness_proof(timeout_in_ms=timeout_in_secs * 1000, logger=logger)
        ^^^^^^^^^^^^^^^^^^^^^^^^^^^^^^^^^^^^^^^^^^^^^^^^^^^^^^^^^^^^^^^^^^^^^^^^^^^^^^^^^^^^^^^^^^^^^^^^^^^^^^^^^^^^^^^^^^^
  File "/home/amthakur/Project/clever-prover/src/clever_prover/solver/planning_copra_impl_generator.py", line 135, in generate_implementation_correctness_proof
    proof_result = self._generate_proof(
                   ^^^^^^^^^^^^^^^^^^^^^
  File "/home/amthakur/Project/clever-prover/src/clever_prover/solver/planning_copra_impl_generator.py", line 286, in _generate_proof
    proof_search_result = get_proof_via_copra(
                          ^^^^^^^^^^^^^^^^^^^^
  File "/home/amthakur/Project/clever-prover/src/clever_prover/utils/copra.py", line 97, in get_proof_via_copra
    with proof_env:
  File "/home/amthakur/Project/clever-prover/.conda/lib/python3.11/site-packages/itp_interface/rl/simple_proof_env.py", line 122, in __enter__
    self.reset()
  File "/home/amthakur/Project/clever-prover/.conda/lib/python3.11/site-packages/itp_interface/rl/simple_proof_env.py", line 211, in reset
    self._foward_to_lemma_proof()
  File "/home/amthakur/Project/clever-prover/.conda/lib/python3.11/site-packages/itp_interface/rl/simple_proof_env.py", line 536, in _foward_to_lemma_proof
    self._dynamic_proof_executor.skip_to_theorem(self.lemma_name)
  File "/home/amthakur/Project/clever-prover/.conda/lib/python3.11/site-packages/itp_interface/tools/dynamic_lean4_proof_exec.py", line 214, in skip_to_theorem
    self._skip_to_theorem(theorem_name)
  File "/home/amthakur/Project/clever-prover/.conda/lib/python3.11/site-packages/itp_interface/tools/lean4_sync_executor.py", line 1004, in _skip_to_theorem
    raise ValueError(f"The theorem '{theorem}' was not found in the file '{self.main_file}'")
ValueError: The theorem 'lemma non_zero_division_identity' was not found in the file 'None'

Set the environment variable HYDRA_FULL_ERROR=1 for a complete stack trace.
